<?xml version="1.0" encoding="UTF-8"?>
<!-- Generated by org.testng.reporters.JUnitReportReporter -->
<testsuite skipped="0" hostname="INFVA07502" name="TestCase.SignUPPageTest" tests="1" failures="0" timestamp="22 Mar 2019 12:06:33 GMT" time="26.353" errors="0">
  <testcase name="normalize_Attendance" time="26.353" classname="TestCase.SignUPPageTest"/>
</testsuite> <!-- TestCase.SignUPPageTest -->
