<?xml version="1.0" encoding="UTF-8"?>
<!-- Generated by org.testng.reporters.JUnitReportReporter -->
<testsuite skipped="0" hostname="INFVA07502" name="TestCase.LoginPageTest" tests="1" failures="0" timestamp="20 Mar 2019 09:34:27 GMT" time="9.336" errors="0">
  <testcase name="normalize_Attendance" time="9.336" classname="TestCase.LoginPageTest"/>
</testsuite> <!-- TestCase.LoginPageTest -->
