<?xml version="1.0" encoding="UTF-8"?>
<!-- Generated by org.testng.reporters.JUnitReportReporter -->
<testsuite skipped="0" hostname="INFVA07502" name="TestCase.staySignInPageTest" tests="1" failures="0" timestamp="22 Mar 2019 06:16:36 GMT" time="17.188" errors="0">
  <testcase name="clickOnNO" time="17.188" classname="TestCase.staySignInPageTest"/>
</testsuite> <!-- TestCase.staySignInPageTest -->
